2023-09-29 16:02:11.464469: I tensorflow/core/platform/cpu_feature_guard.cc:193] This TensorFlow binary is optimized with oneAPI Deep Neural Network Library (oneDNN) to use the following CPU instructions in performance-critical operations:  AVX512F AVX512_VNNI
To enable them in other operations, rebuild TensorFlow with the appropriate compiler flags.
2023-09-29 16:02:11.563220: I tensorflow/core/util/port.cc:104] oneDNN custom operations are on. You may see slightly different numerical results due to floating-point round-off errors from different computation orders. To turn them off, set the environment variable `TF_ENABLE_ONEDNN_OPTS=0`.
--------------------------------------------------------------------------
WARNING: No preset parameters were found for the device that Open MPI
detected:

  Local host:            129-159-47-160
  Device name:           mlx5_0
  Device vendor ID:      0x02c9
  Device vendor part ID: 4126

Default device parameters will be used, which may result in lower
performance.  You can edit any of the files specified by the
btl_openib_device_param_files MCA parameter to set values for your
device.

NOTE: You can turn off this warning by setting the MCA parameter
      btl_openib_warn_no_device_params_found to 0.
--------------------------------------------------------------------------
--------------------------------------------------------------------------
No OpenFabrics connection schemes reported that they were able to be
used on a specific port.  As such, the openib BTL (OpenFabrics
support) will be disabled for this port.

  Local host:           129-159-47-160
  Local device:         mlx5_0
  Local port:           1
  CPCs attempted:       udcm
--------------------------------------------------------------------------
/home/ubuntu/.local/lib/python3.8/site-packages/pandas/core/computation/expressions.py:20: UserWarning: Pandas requires version '2.7.3' or newer of 'numexpr' (version '2.7.1' currently installed).
  from pandas.core.computation.check import NUMEXPR_INSTALLED
INFO flwr 2023-09-29 16:02:13,801 | app.py:162 | Starting Flower server, config: ServerConfig(num_rounds=5, round_timeout=None)
INFO flwr 2023-09-29 16:02:13,812 | app.py:175 | Flower ECE: gRPC server running (5 rounds), SSL is disabled
INFO flwr 2023-09-29 16:02:13,812 | server.py:89 | Initializing global parameters
INFO flwr 2023-09-29 16:02:13,812 | server.py:276 | Requesting initial parameters from one random client
INFO flwr 2023-09-29 16:02:26,640 | server.py:280 | Received initial parameters from one random client
INFO flwr 2023-09-29 16:02:26,640 | server.py:91 | Evaluating initial parameters
INFO flwr 2023-09-29 16:02:26,640 | server.py:104 | FL starting
DEBUG flwr 2023-09-29 16:02:26,640 | server.py:222 | fit_round 1: strategy sampled 5 clients (out of 5)
DEBUG flwr 2023-09-29 16:03:54,617 | server.py:236 | fit_round 1 received 5 results and 0 failures
WARNING flwr 2023-09-29 16:03:55,348 | fedavg.py:242 | No fit_metrics_aggregation_fn provided
DEBUG flwr 2023-09-29 16:03:55,510 | server.py:173 | evaluate_round 1: strategy sampled 5 clients (out of 5)
DEBUG flwr 2023-09-29 16:04:12,768 | server.py:187 | evaluate_round 1 received 5 results and 0 failures
DEBUG flwr 2023-09-29 16:04:12,768 | server.py:222 | fit_round 2: strategy sampled 5 clients (out of 5)
DEBUG flwr 2023-09-29 16:05:42,183 | server.py:236 | fit_round 2 received 5 results and 0 failures
DEBUG flwr 2023-09-29 16:05:42,897 | server.py:173 | evaluate_round 2: strategy sampled 5 clients (out of 5)
DEBUG flwr 2023-09-29 16:05:58,794 | server.py:187 | evaluate_round 2 received 5 results and 0 failures
DEBUG flwr 2023-09-29 16:05:58,794 | server.py:222 | fit_round 3: strategy sampled 5 clients (out of 5)
DEBUG flwr 2023-09-29 16:07:28,740 | server.py:236 | fit_round 3 received 5 results and 0 failures
DEBUG flwr 2023-09-29 16:07:29,342 | server.py:173 | evaluate_round 3: strategy sampled 5 clients (out of 5)
DEBUG flwr 2023-09-29 16:07:45,068 | server.py:187 | evaluate_round 3 received 5 results and 0 failures
DEBUG flwr 2023-09-29 16:07:45,068 | server.py:222 | fit_round 4: strategy sampled 5 clients (out of 5)
DEBUG flwr 2023-09-29 16:09:13,885 | server.py:236 | fit_round 4 received 5 results and 0 failures
DEBUG flwr 2023-09-29 16:09:14,441 | server.py:173 | evaluate_round 4: strategy sampled 5 clients (out of 5)
DEBUG flwr 2023-09-29 16:09:31,921 | server.py:187 | evaluate_round 4 received 5 results and 0 failures
DEBUG flwr 2023-09-29 16:09:31,921 | server.py:222 | fit_round 5: strategy sampled 5 clients (out of 5)
DEBUG flwr 2023-09-29 16:11:01,540 | server.py:236 | fit_round 5 received 5 results and 0 failures
DEBUG flwr 2023-09-29 16:11:02,093 | server.py:173 | evaluate_round 5: strategy sampled 5 clients (out of 5)
DEBUG flwr 2023-09-29 16:11:16,826 | server.py:187 | evaluate_round 5 received 5 results and 0 failures
INFO flwr 2023-09-29 16:11:16,826 | server.py:153 | FL finished in 530.186329185999
INFO flwr 2023-09-29 16:11:16,833 | app.py:225 | app_fit: losses_distributed [(1, 0.016764771938323975), (2, 0.01361311674118042), (3, 0.012256717681884766), (4, 0.0123191237449646), (5, 0.010725176334381104)]
INFO flwr 2023-09-29 16:11:16,834 | app.py:226 | app_fit: metrics_distributed_fit {}
INFO flwr 2023-09-29 16:11:16,834 | app.py:227 | app_fit: metrics_distributed {'dice_score_avg': [(1, 0.48479217290878296), (2, 0.5634812355041504), (3, 0.6359700322151184), (4, 0.6523879408836365), (5, 0.6567036747932434)]}
INFO flwr 2023-09-29 16:11:16,834 | app.py:228 | app_fit: losses_centralized []
INFO flwr 2023-09-29 16:11:16,834 | app.py:229 | app_fit: metrics_centralized {}
Saving round 1 aggregated_parameters...
Saving round 2 aggregated_parameters...
Saving round 3 aggregated_parameters...
Saving round 4 aggregated_parameters...
Saving round 5 aggregated_parameters...
